{
  "RSpec": {
    "coverage": {
      "/Users/aj/Projects/week4/Thursday/bookmark_manager/app.rb": {
        "lines": [
          1,
          null,
          1,
          1,
          3,
          null,
          null,
          1,
          3,
          3,
          null,
          null,
          1,
          1,
          1,
          null,
          null,
          1,
          0,
          0,
          null,
          null,
          1,
          2,
          null,
          null,
          1,
          0,
          null,
          null,
          null,
          null,
          1,
          null
        ]
      },
      "/Users/aj/Projects/week4/Thursday/bookmark_manager/lib/bookmark.rb": {
        "lines": [
          1,
          null,
          1,
          1,
          null,
          1,
          17,
          17,
          17,
          null,
          null,
          1,
          5,
          null,
          5,
          5,
          7,
          null,
          null,
          null,
          1,
          10,
          null,
          10,
          10,
          null,
          null,
          1,
          2,
          null,
          2,
          null,
          1,
          null,
          1,
          17,
          17,
          null,
          0,
          null,
          null,
          null
        ]
      },
      "/Users/aj/Projects/week4/Thursday/bookmark_manager/spec/features/creating_bookmarks_spec.rb": {
        "lines": [
          1,
          1,
          1,
          1,
          1,
          1,
          null,
          null,
          1,
          1,
          1,
          1,
          1,
          1,
          1,
          null,
          null
        ]
      },
      "/Users/aj/Projects/week4/Thursday/bookmark_manager/spec/features/deleting_bookmark_spec.rb": {
        "lines": [
          1,
          1,
          1,
          1,
          1,
          1,
          null,
          null
        ]
      },
      "/Users/aj/Projects/week4/Thursday/bookmark_manager/spec/features/setup_spec.rb": {
        "lines": [
          1,
          1,
          1,
          1,
          null,
          null
        ]
      },
      "/Users/aj/Projects/week4/Thursday/bookmark_manager/spec/features/viewing_bookmarks_spec.rb": {
        "lines": [
          1,
          1,
          1,
          1,
          1,
          null,
          1,
          null,
          1,
          1,
          1,
          null,
          null
        ]
      },
      "/Users/aj/Projects/week4/Thursday/bookmark_manager/spec/units/bookmark_spec.rb": {
        "lines": [
          1,
          null,
          1,
          null,
          1,
          1,
          null,
          1,
          1,
          1,
          null,
          1,
          null,
          1,
          1,
          1,
          1,
          1,
          null,
          null,
          null,
          null,
          1,
          1,
          1,
          1,
          null,
          1,
          1,
          1,
          1,
          null,
          null,
          null,
          1,
          1,
          1,
          1,
          1,
          1,
          null,
          null,
          null,
          null
        ]
      },
      "/Users/aj/Projects/week4/Thursday/bookmark_manager/spec/database_helpers.rb": {
        "lines": [
          1,
          null,
          1,
          2,
          2,
          2,
          null
        ]
      }
    },
    "timestamp": 1608203364
  }
}
